<?xml version='1.0' encoding='UTF-8'?>
<testsuite hostname="DESKTOP-V42VOED" name="MazeInputTest" tests="1" errors="0" failures="0" skipped="0" time="0.037" timestamp="2025-03-20T21:39:30">
          <properties>
[...]
</properties>
          <testcase classname="MazeInputTest" name="readMaze should correctly read a small 2x2 maze" time="0.037">
                      
                    </testcase>
          <system-out><![CDATA[]]></system-out>
          <system-err><![CDATA[]]></system-err>
        </testsuite>